<?xml version="1.0" encoding="UTF-8"?>
<coverage generated="1731292024675" clover="3.2.0">
  <project timestamp="1731292024675" name="All files">
    <metrics statements="38" coveredstatements="38" conditionals="4" coveredconditionals="4" methods="10" coveredmethods="10" elements="52" coveredelements="52" complexity="0" loc="38" ncloc="38" packages="2" files="7" classes="7"/>
    <package name="__tests__.mocks">
      <metrics statements="11" coveredstatements="11" conditionals="0" coveredconditionals="0" methods="5" coveredmethods="5"/>
      <file name="TrackMock.ts" path="/Users/malikmacbook/Desktop/spotify-to-apple-music/src/__tests__/mocks/TrackMock.ts">
        <metrics statements="3" coveredstatements="3" conditionals="0" coveredconditionals="0" methods="1" coveredmethods="1"/>
        <line num="2" count="1" type="stmt"/>
        <line num="3" count="1" type="stmt"/>
        <line num="6" count="4" type="stmt"/>
      </file>
      <file name="albumMock.ts" path="/Users/malikmacbook/Desktop/spotify-to-apple-music/src/__tests__/mocks/albumMock.ts">
        <metrics statements="2" coveredstatements="2" conditionals="0" coveredconditionals="0" methods="1" coveredmethods="1"/>
        <line num="2" count="1" type="stmt"/>
        <line num="5" count="4" type="stmt"/>
      </file>
      <file name="artistMock.ts" path="/Users/malikmacbook/Desktop/spotify-to-apple-music/src/__tests__/mocks/artistMock.ts">
        <metrics statements="1" coveredstatements="1" conditionals="0" coveredconditionals="0" methods="1" coveredmethods="1"/>
        <line num="3" count="8" type="stmt"/>
      </file>
      <file name="playlistMock.ts" path="/Users/malikmacbook/Desktop/spotify-to-apple-music/src/__tests__/mocks/playlistMock.ts">
        <metrics statements="4" coveredstatements="4" conditionals="0" coveredconditionals="0" methods="1" coveredmethods="1"/>
        <line num="2" count="1" type="stmt"/>
        <line num="3" count="1" type="stmt"/>
        <line num="6" count="1" type="stmt"/>
        <line num="11" count="4" type="stmt"/>
      </file>
      <file name="userMock.ts" path="/Users/malikmacbook/Desktop/spotify-to-apple-music/src/__tests__/mocks/userMock.ts">
        <metrics statements="1" coveredstatements="1" conditionals="0" coveredconditionals="0" methods="1" coveredmethods="1"/>
        <line num="1" count="4" type="stmt"/>
      </file>
    </package>
    <package name="fetch">
      <metrics statements="27" coveredstatements="27" conditionals="4" coveredconditionals="4" methods="5" coveredmethods="5"/>
      <file name="fetchAllLikedSongs.ts" path="/Users/malikmacbook/Desktop/spotify-to-apple-music/src/fetch/fetchAllLikedSongs.ts">
        <metrics statements="13" coveredstatements="13" conditionals="2" coveredconditionals="2" methods="3" coveredmethods="3"/>
        <line num="1" count="1" type="stmt"/>
        <line num="4" count="3" type="stmt"/>
        <line num="5" count="3" type="cond" truecount="1" falsecount="0"/>
        <line num="7" count="2" type="stmt"/>
        <line num="8" count="2" type="stmt"/>
        <line num="9" count="2" type="stmt"/>
        <line num="11" count="2" type="stmt"/>
        <line num="12" count="3" type="stmt"/>
        <line num="22" count="2" type="stmt"/>
        <line num="24" count="2" type="cond" truecount="1" falsecount="0"/>
        <line num="25" count="1" type="stmt"/>
        <line num="28" count="1" type="stmt"/>
        <line num="31" count="2" type="stmt"/>
      </file>
      <file name="fetchAllPlaylistTracks.ts" path="/Users/malikmacbook/Desktop/spotify-to-apple-music/src/fetch/fetchAllPlaylistTracks.ts">
        <metrics statements="14" coveredstatements="14" conditionals="2" coveredconditionals="2" methods="2" coveredmethods="2"/>
        <line num="1" count="1" type="stmt"/>
        <line num="4" count="1" type="stmt"/>
        <line num="7" count="4" type="stmt"/>
        <line num="8" count="4" type="cond" truecount="1" falsecount="0"/>
        <line num="10" count="3" type="stmt"/>
        <line num="11" count="3" type="stmt"/>
        <line num="12" count="3" type="stmt"/>
        <line num="14" count="3" type="stmt"/>
        <line num="15" count="4" type="stmt"/>
        <line num="28" count="3" type="stmt"/>
        <line num="30" count="3" type="cond" truecount="1" falsecount="0"/>
        <line num="31" count="2" type="stmt"/>
        <line num="34" count="1" type="stmt"/>
        <line num="37" count="2" type="stmt"/>
      </file>
    </package>
  </project>
</coverage>
