{"/Users/malikmacbook/Desktop/spotify-to-apple-music/src/__tests__/mocks/TrackMock.ts": {"path":"/Users/malikmacbook/Desktop/spotify-to-apple-music/src/__tests__/mocks/TrackMock.ts","statementMap":{"0":{"start":{"line":2,"column":0},"end":{"line":2,"column":46}},"1":{"start":{"line":3,"column":0},"end":{"line":3,"column":48}},"2":{"start":{"line":6,"column":31},"end":{"line":12,"column":2}},"3":{"start":{"line":6,"column":69},"end":{"line":12,"column":2}},"4":{"start":{"line":6,"column":13},"end":{"line":6,"column":31}}},"fnMap":{"0":{"name":"(anonymous_0)","decl":{"start":{"line":6,"column":31},"end":{"line":6,"column":32}},"loc":{"start":{"line":6,"column":69},"end":{"line":12,"column":2}}}},"branchMap":{},"s":{"0":1,"1":1,"2":1,"3":4,"4":1},"f":{"0":4},"b":{}}
,"/Users/malikmacbook/Desktop/spotify-to-apple-music/src/__tests__/mocks/albumMock.ts": {"path":"/Users/malikmacbook/Desktop/spotify-to-apple-music/src/__tests__/mocks/albumMock.ts","statementMap":{"0":{"start":{"line":2,"column":0},"end":{"line":2,"column":48}},"1":{"start":{"line":5,"column":31},"end":{"line":15,"column":2}},"2":{"start":{"line":5,"column":69},"end":{"line":15,"column":2}},"3":{"start":{"line":5,"column":13},"end":{"line":5,"column":31}}},"fnMap":{"0":{"name":"(anonymous_0)","decl":{"start":{"line":5,"column":31},"end":{"line":5,"column":32}},"loc":{"start":{"line":5,"column":69},"end":{"line":15,"column":2}}}},"branchMap":{},"s":{"0":1,"1":1,"2":4,"3":1},"f":{"0":4},"b":{}}
,"/Users/malikmacbook/Desktop/spotify-to-apple-music/src/__tests__/mocks/artistMock.ts": {"path":"/Users/malikmacbook/Desktop/spotify-to-apple-music/src/__tests__/mocks/artistMock.ts","statementMap":{"0":{"start":{"line":3,"column":32},"end":{"line":7,"column":2}},"1":{"start":{"line":3,"column":71},"end":{"line":7,"column":2}},"2":{"start":{"line":3,"column":13},"end":{"line":3,"column":32}}},"fnMap":{"0":{"name":"(anonymous_0)","decl":{"start":{"line":3,"column":32},"end":{"line":3,"column":33}},"loc":{"start":{"line":3,"column":71},"end":{"line":7,"column":2}}}},"branchMap":{},"s":{"0":1,"1":8,"2":1},"f":{"0":8},"b":{}}
,"/Users/malikmacbook/Desktop/spotify-to-apple-music/src/__tests__/mocks/playlistMock.ts": {"path":"/Users/malikmacbook/Desktop/spotify-to-apple-music/src/__tests__/mocks/playlistMock.ts","statementMap":{"0":{"start":{"line":2,"column":0},"end":{"line":2,"column":46}},"1":{"start":{"line":3,"column":0},"end":{"line":3,"column":44}},"2":{"start":{"line":6,"column":39},"end":{"line":16,"column":2}},"3":{"start":{"line":11,"column":21},"end":{"line":16,"column":2}},"4":{"start":{"line":6,"column":13},"end":{"line":6,"column":39}}},"fnMap":{"0":{"name":"(anonymous_0)","decl":{"start":{"line":6,"column":39},"end":{"line":6,"column":null}},"loc":{"start":{"line":11,"column":21},"end":{"line":16,"column":2}}}},"branchMap":{},"s":{"0":1,"1":1,"2":1,"3":4,"4":1},"f":{"0":4},"b":{}}
,"/Users/malikmacbook/Desktop/spotify-to-apple-music/src/__tests__/mocks/userMock.ts": {"path":"/Users/malikmacbook/Desktop/spotify-to-apple-music/src/__tests__/mocks/userMock.ts","statementMap":{"0":{"start":{"line":1,"column":30},"end":{"line":8,"column":2}},"1":{"start":{"line":1,"column":68},"end":{"line":8,"column":2}},"2":{"start":{"line":1,"column":13},"end":{"line":1,"column":30}}},"fnMap":{"0":{"name":"(anonymous_0)","decl":{"start":{"line":1,"column":30},"end":{"line":1,"column":31}},"loc":{"start":{"line":1,"column":68},"end":{"line":8,"column":2}}}},"branchMap":{},"s":{"0":1,"1":4,"2":1},"f":{"0":4},"b":{}}
,"/Users/malikmacbook/Desktop/spotify-to-apple-music/src/fetch/fetchAllLikedSongs.ts": {"path":"/Users/malikmacbook/Desktop/spotify-to-apple-music/src/fetch/fetchAllLikedSongs.ts","statementMap":{"0":{"start":{"line":1,"column":0},"end":{"line":1,"column":26}},"1":{"start":{"line":4,"column":34},"end":{"line":32,"column":2}},"2":{"start":{"line":4,"column":65},"end":{"line":32,"column":2}},"3":{"start":{"line":5,"column":2},"end":{"line":5,"column":52}},"4":{"start":{"line":5,"column":14},"end":{"line":5,"column":52}},"5":{"start":{"line":7,"column":36},"end":{"line":7,"column":38}},"6":{"start":{"line":8,"column":15},"end":{"line":8,"column":16}},"7":{"start":{"line":9,"column":16},"end":{"line":9,"column":18}},"8":{"start":{"line":11,"column":2},"end":{"line":29,"column":3}},"9":{"start":{"line":12,"column":21},"end":{"line":20,"column":6}},"10":{"start":{"line":22,"column":4},"end":{"line":22,"column":54}},"11":{"start":{"line":24,"column":4},"end":{"line":26,"column":5}},"12":{"start":{"line":25,"column":6},"end":{"line":25,"column":12}},"13":{"start":{"line":28,"column":4},"end":{"line":28,"column":20}},"14":{"start":{"line":31,"column":2},"end":{"line":31,"column":45}},"15":{"start":{"line":31,"column":33},"end":{"line":31,"column":43}},"16":{"start":{"line":4,"column":13},"end":{"line":4,"column":34}}},"fnMap":{"0":{"name":"(anonymous_7)","decl":{"start":{"line":4,"column":34},"end":{"line":4,"column":41}},"loc":{"start":{"line":4,"column":65},"end":{"line":32,"column":2}}},"1":{"name":"(anonymous_8)","decl":{"start":{"line":4,"column":65},"end":{"line":4,"column":null}},"loc":{"start":{"line":4,"column":65},"end":{"line":32,"column":1}}},"2":{"name":"(anonymous_9)","decl":{"start":{"line":31,"column":23},"end":{"line":31,"column":24}},"loc":{"start":{"line":31,"column":33},"end":{"line":31,"column":43}}}},"branchMap":{"0":{"loc":{"start":{"line":5,"column":2},"end":{"line":5,"column":52}},"type":"if","locations":[{"start":{"line":5,"column":2},"end":{"line":5,"column":52}}]},"1":{"loc":{"start":{"line":24,"column":4},"end":{"line":26,"column":5}},"type":"if","locations":[{"start":{"line":24,"column":4},"end":{"line":26,"column":5}}]}},"s":{"0":1,"1":1,"2":3,"3":3,"4":1,"5":2,"6":2,"7":2,"8":2,"9":3,"10":2,"11":2,"12":1,"13":1,"14":1,"15":2,"16":1},"f":{"0":3,"1":3,"2":2},"b":{"0":[1],"1":[1]}}
,"/Users/malikmacbook/Desktop/spotify-to-apple-music/src/fetch/fetchAllPlaylistTracks.ts": {"path":"/Users/malikmacbook/Desktop/spotify-to-apple-music/src/fetch/fetchAllPlaylistTracks.ts","statementMap":{"0":{"start":{"line":1,"column":0},"end":{"line":1,"column":26}},"1":{"start":{"line":4,"column":38},"end":{"line":38,"column":2}},"2":{"start":{"line":7,"column":4},"end":{"line":38,"column":2}},"3":{"start":{"line":8,"column":2},"end":{"line":8,"column":52}},"4":{"start":{"line":8,"column":14},"end":{"line":8,"column":52}},"5":{"start":{"line":10,"column":35},"end":{"line":10,"column":37}},"6":{"start":{"line":11,"column":15},"end":{"line":11,"column":16}},"7":{"start":{"line":12,"column":16},"end":{"line":12,"column":19}},"8":{"start":{"line":14,"column":2},"end":{"line":35,"column":3}},"9":{"start":{"line":15,"column":21},"end":{"line":25,"column":null}},"10":{"start":{"line":28,"column":4},"end":{"line":28,"column":54}},"11":{"start":{"line":30,"column":4},"end":{"line":32,"column":5}},"12":{"start":{"line":31,"column":6},"end":{"line":31,"column":12}},"13":{"start":{"line":34,"column":4},"end":{"line":34,"column":20}},"14":{"start":{"line":37,"column":2},"end":{"line":37,"column":19}},"15":{"start":{"line":4,"column":13},"end":{"line":4,"column":38}}},"fnMap":{"0":{"name":"(anonymous_7)","decl":{"start":{"line":4,"column":38},"end":{"line":4,"column":null}},"loc":{"start":{"line":7,"column":4},"end":{"line":38,"column":2}}},"1":{"name":"(anonymous_8)","decl":{"start":{"line":7,"column":4},"end":{"line":7,"column":null}},"loc":{"start":{"line":7,"column":4},"end":{"line":38,"column":1}}}},"branchMap":{"0":{"loc":{"start":{"line":8,"column":2},"end":{"line":8,"column":52}},"type":"if","locations":[{"start":{"line":8,"column":2},"end":{"line":8,"column":52}}]},"1":{"loc":{"start":{"line":30,"column":4},"end":{"line":32,"column":5}},"type":"if","locations":[{"start":{"line":30,"column":4},"end":{"line":32,"column":5}}]}},"s":{"0":1,"1":1,"2":4,"3":4,"4":1,"5":3,"6":3,"7":3,"8":3,"9":4,"10":3,"11":3,"12":2,"13":1,"14":2,"15":1},"f":{"0":4,"1":4},"b":{"0":[1],"1":[2]}}
}
