TN:
SF:src/__tests__/mocks/TrackMock.ts
FN:6,(anonymous_0)
FNF:1
FNH:1
FNDA:4,(anonymous_0)
DA:2,1
DA:3,1
DA:6,4
LF:3
LH:3
BRF:0
BRH:0
end_of_record
TN:
SF:src/__tests__/mocks/albumMock.ts
FN:5,(anonymous_0)
FNF:1
FNH:1
FNDA:4,(anonymous_0)
DA:2,1
DA:5,4
LF:2
LH:2
BRF:0
BRH:0
end_of_record
TN:
SF:src/__tests__/mocks/artistMock.ts
FN:3,(anonymous_0)
FNF:1
FNH:1
FNDA:8,(anonymous_0)
DA:3,8
LF:1
LH:1
BRF:0
BRH:0
end_of_record
TN:
SF:src/__tests__/mocks/playlistMock.ts
FN:6,(anonymous_0)
FNF:1
FNH:1
FNDA:4,(anonymous_0)
DA:2,1
DA:3,1
DA:6,1
DA:11,4
LF:4
LH:4
BRF:0
BRH:0
end_of_record
TN:
SF:src/__tests__/mocks/userMock.ts
FN:1,(anonymous_0)
FNF:1
FNH:1
FNDA:4,(anonymous_0)
DA:1,4
LF:1
LH:1
BRF:0
BRH:0
end_of_record
TN:
SF:src/fetch/fetchAllLikedSongs.ts
FN:4,(anonymous_7)
FN:4,(anonymous_8)
FN:31,(anonymous_9)
FNF:3
FNH:3
FNDA:3,(anonymous_7)
FNDA:3,(anonymous_8)
FNDA:2,(anonymous_9)
DA:1,1
DA:4,3
DA:5,3
DA:7,2
DA:8,2
DA:9,2
DA:11,2
DA:12,3
DA:22,2
DA:24,2
DA:25,1
DA:28,1
DA:31,2
LF:13
LH:13
BRDA:5,0,0,1
BRDA:24,1,0,1
BRF:2
BRH:2
end_of_record
TN:
SF:src/fetch/fetchAllPlaylistTracks.ts
FN:4,(anonymous_7)
FN:7,(anonymous_8)
FNF:2
FNH:2
FNDA:4,(anonymous_7)
FNDA:4,(anonymous_8)
DA:1,1
DA:4,1
DA:7,4
DA:8,4
DA:10,3
DA:11,3
DA:12,3
DA:14,3
DA:15,4
DA:28,3
DA:30,3
DA:31,2
DA:34,1
DA:37,2
LF:14
LH:14
BRDA:8,0,0,1
BRDA:30,1,0,2
BRF:2
BRH:2
end_of_record
